<?xml version="1.0" encoding="UTF-8"?>
<!-- Generated by org.testng.reporters.JUnitReportReporter -->
<testsuite hostname="DESKTOP-UVLAPAT" failures="0" tests="1" name="testVig_Assignment.MovieInformationValidation" time="18.078" errors="0" timestamp="2023-02-21T16:15:18 IST" skipped="0">
  <testcase classname="testVig_Assignment.MovieInformationValidation" name="imdbTest" time="18.078"/>
  <system-out/>
</testsuite> <!-- testVig_Assignment.MovieInformationValidation -->
