<?xml version="1.0" encoding="UTF-8"?>
<!-- Generated by org.testng.reporters.JUnitReportReporter -->
<testsuite hostname="DESKTOP-UVLAPAT" failures="0" tests="1" name="testVig_Assignment.MovieInformationValidation" time="16.512" errors="0" timestamp="2023-02-21T20:32:15 IST" skipped="0">
  <testcase classname="testVig_Assignment.MovieInformationValidation" name="imdbTest" time="16.512"/>
  <system-out>
    <![CDATA[Country is same
date format is diffrent]]>
  </system-out>
</testsuite> <!-- testVig_Assignment.MovieInformationValidation -->
